#
# There is insufficient memory for the Java Runtime Environment to continue.
# Native memory allocation (mmap) failed to map 262144000 bytes for G1 virtual space
# Possible reasons:
#   The system is out of physical RAM or swap space
#   The process is running with CompressedOops enabled, and the Java Heap may be blocking the growth of the native heap
# Possible solutions:
#   Reduce memory load on the system
#   Increase physical memory or swap space
#   Check if swap backing store is full
#   Decrease Java heap size (-Xmx/-Xms)
#   Decrease number of Java threads
#   Decrease Java thread stack sizes (-Xss)
#   Set larger code cache with -XX:ReservedCodeCacheSize=
#   JVM is running with Zero Based Compressed Oops mode in which the Java heap is
#     placed in the first 32GB address space. The Java Heap base address is the
#     maximum limit for the native heap growth. Please use -XX:HeapBaseMinAddress
#     to set the Java Heap base and to place the Java Heap above 32GB virtual address.
# This output file may be truncated or incomplete.
#
#  Out of Memory Error (os_windows.cpp:3548), pid=2564, tid=8440
#
# JRE version:  (17.0.11+7) (build )
# Java VM: Java HotSpot(TM) 64-Bit Server VM (17.0.11+7-LTS-207, mixed mode, sharing, tiered, compressed oops, compressed class ptrs, g1 gc, windows-amd64)
# No core dump will be written. Minidumps are not enabled by default on client versions of Windows
#

---------------  S U M M A R Y ------------

Command Line: -Dnet.bytebuddy.agent.attacher.dump= net.bytebuddy.agent.Attacher com.sun.tools.attach.VirtualMachine 22432 C:\Users\anjhu.a\.m2\repository\net\bytebuddy\byte-buddy-agent\1.17.8\byte-buddy-agent-1.17.8.jar false 

Host: Intel(R) Core(TM) i7-10610U CPU @ 1.80GHz, 8 cores, 15G,  Windows 11 , 64 bit Build 26100 (10.0.26100.5074)
Time: Sat Nov  1 12:12:21 2025 India Standard Time elapsed time: 2.062165 seconds (0d 0h 0m 2s)

---------------  T H R E A D  ---------------

Current thread (0x0000016d4f626f30):  JavaThread "Unknown thread" [_thread_in_vm, id=8440, stack(0x0000002516b00000,0x0000002516c00000)]

Stack: [0x0000002516b00000,0x0000002516c00000]
Native frames: (J=compiled Java code, j=interpreted, Vv=VM code, C=native code)
V  [jvm.dll+0x679cca]
V  [jvm.dll+0x7da13d]
V  [jvm.dll+0x7dba83]
V  [jvm.dll+0x7dc0f3]
V  [jvm.dll+0x2449af]
V  [jvm.dll+0x676ce9]
V  [jvm.dll+0x66b852]
V  [jvm.dll+0x3018d6]
V  [jvm.dll+0x308e76]
V  [jvm.dll+0x3596ee]
V  [jvm.dll+0x35991f]
V  [jvm.dll+0x2d89a8]
V  [jvm.dll+0x2d9914]
V  [jvm.dll+0x7ac6b1]
V  [jvm.dll+0x366f61]
V  [jvm.dll+0x78b609]
V  [jvm.dll+0x3ec22f]
V  [jvm.dll+0x3ede61]
C  [jli.dll+0x5297]
C  [ucrtbase.dll+0x37b0]
C  [KERNEL32.DLL+0x2e8d7]
C  [ntdll.dll+0x8d9c]


---------------  P R O C E S S  ---------------

Threads class SMR info:
_java_thread_list=0x00007ff878b47a18, length=0, elements={
}

Java Threads: ( => current thread )

Other Threads:
  0x0000016d71630ce0 GCTaskThread "GC Thread#0" [stack: 0x0000002516c00000,0x0000002516d00000] [id=28964]
  0x0000016d4f67db30 ConcurrentGCThread "G1 Main Marker" [stack: 0x0000002516d00000,0x0000002516e00000] [id=43732]
  0x0000016d71637aa0 ConcurrentGCThread "G1 Conc#0" [stack: 0x0000002516e00000,0x0000002516f00000] [id=27132]

[error occurred during error reporting (printing all threads), id 0xc0000005, EXCEPTION_ACCESS_VIOLATION (0xc0000005) at pc=0x00007ff878379497]

VM state: not at safepoint (not fully initialized)

VM Mutex/Monitor currently owned by a thread:  ([mutex/lock_event])
[0x0000016d4f622e50] Heap_lock - owner thread: 0x0000016d4f626f30

Heap address: 0x0000000706200000, size: 3998 MB, Compressed Oops mode: Zero based, Oop shift amount: 3

CDS archive(s) mapped at: [0x0000000000000000-0x0000000000000000-0x0000000000000000), size 0, SharedBaseAddress: 0x0000000800000000, ArchiveRelocationMode: 1.
Narrow klass base: 0x0000000000000000, Narrow klass shift: 0, Narrow klass range: 0x0

GC Precious Log:
<Empty>

Heap:
 garbage-first heap   total 0K, used 0K [0x0000000706200000, 0x0000000800000000)
  region size 2048K, 0 young (0K), 0 survivors (0K)

[error occurred during error reporting (printing heap information), id 0xc0000005, EXCEPTION_ACCESS_VIOLATION (0xc0000005) at pc=0x00007ff878763559]

GC Heap History (0 events):
No events

Deoptimization events (0 events):
No events

Classes unloaded (0 events):
No events

Classes redefined (0 events):
No events

Internal exceptions (0 events):
No events

VM Operations (0 events):
No events

Events (1 events):
Event: 0.020 Loaded shared library C:\Program Files\Java\jdk-17\bin\java.dll


Dynamic libraries:
0x00007ff65af60000 - 0x00007ff65af70000 	C:\Program Files\Java\jdk-17\bin\java.exe
0x00007ff8d30a0000 - 0x00007ff8d3309000 	C:\WINDOWS\SYSTEM32\ntdll.dll
0x00007ff8d2520000 - 0x00007ff8d25e9000 	C:\WINDOWS\System32\KERNEL32.DLL
0x00007ff8d0a70000 - 0x00007ff8d0e63000 	C:\WINDOWS\System32\KERNELBASE.dll
0x00007ff8cc850000 - 0x00007ff8cc8ee000 	C:\WINDOWS\SYSTEM32\apphelp.dll
0x00007ff8d05b0000 - 0x00007ff8d06fb000 	C:\WINDOWS\System32\ucrtbase.dll
0x00007ff8b8ef0000 - 0x00007ff8b8f09000 	C:\Program Files\Java\jdk-17\bin\jli.dll
0x00007ff8d1580000 - 0x00007ff8d1634000 	C:\WINDOWS\System32\ADVAPI32.dll
0x00007ff8d1460000 - 0x00007ff8d1509000 	C:\WINDOWS\System32\msvcrt.dll
0x00007ff8d2390000 - 0x00007ff8d2436000 	C:\WINDOWS\System32\sechost.dll
0x00007ff8d25f0000 - 0x00007ff8d2708000 	C:\WINDOWS\System32\RPCRT4.dll
0x00007ff8d1870000 - 0x00007ff8d1a34000 	C:\WINDOWS\System32\USER32.dll
0x00007ff8d0700000 - 0x00007ff8d0727000 	C:\WINDOWS\System32\win32u.dll
0x00007ff8d1510000 - 0x00007ff8d153b000 	C:\WINDOWS\System32\GDI32.dll
0x00007ff8d0730000 - 0x00007ff8d085d000 	C:\WINDOWS\System32\gdi32full.dll
0x00007ff8d0500000 - 0x00007ff8d05a3000 	C:\WINDOWS\System32\msvcp_win.dll
0x00007ff8b74b0000 - 0x00007ff8b74cb000 	C:\Program Files\Java\jdk-17\bin\VCRUNTIME140.dll
0x00007ff8ba060000 - 0x00007ff8ba2f3000 	C:\WINDOWS\WinSxS\amd64_microsoft.windows.common-controls_6595b64144ccf1df_6.0.26100.5074_none_3e0d6f78e32fd63f\COMCTL32.dll
0x00007ff8c2f00000 - 0x00007ff8c2f0b000 	C:\WINDOWS\SYSTEM32\VERSION.dll
0x00007ff8d1540000 - 0x00007ff8d156f000 	C:\WINDOWS\System32\IMM32.DLL
0x00007ff86bf00000 - 0x00007ff86c572000 	C:\Program Files\McAfee\DLP\Agent\fcagpph64.dll
0x00007ff8d1a40000 - 0x00007ff8d218d000 	C:\WINDOWS\System32\SHELL32.dll
0x00007ff8d0390000 - 0x00007ff8d04fc000 	C:\WINDOWS\System32\wintypes.dll
0x00007ff8d2bc0000 - 0x00007ff8d2f3b000 	C:\WINDOWS\System32\combase.dll
0x00007ff8d16d0000 - 0x00007ff8d1868000 	C:\WINDOWS\System32\ole32.dll
0x00007ff8d1330000 - 0x00007ff8d1392000 	C:\WINDOWS\System32\SHLWAPI.dll
0x00007ff8d2870000 - 0x00007ff8d28e4000 	C:\WINDOWS\System32\WS2_32.dll
0x00007ff8d2440000 - 0x00007ff8d2517000 	C:\WINDOWS\System32\OLEAUT32.dll
0x00007ff8ccad0000 - 0x00007ff8ccafa000 	C:\WINDOWS\SYSTEM32\WTSAPI32.dll
0x00007ff8d0860000 - 0x00007ff8d09d7000 	C:\WINDOWS\System32\CRYPT32.dll
0x00007ff898920000 - 0x00007ff8989d2000 	C:\WINDOWS\SYSTEM32\WINSPOOL.DRV
0x00007ff8d2f40000 - 0x00007ff8d3030000 	C:\WINDOWS\System32\shcore.dll
0x00007ff8cf270000 - 0x00007ff8cf2b9000 	C:\WINDOWS\SYSTEM32\SspiCli.dll
0x00007ff8cfdc0000 - 0x00007ff8cfe17000 	C:\WINDOWS\SYSTEM32\cfgmgr32.dll
0x00007ff8cf0f0000 - 0x00007ff8cf126000 	C:\WINDOWS\SYSTEM32\ntmarta.dll
0x0000016d4f560000 - 0x0000016d4f576000 	C:\WINDOWS\System32\umppc20008.dll
0x00007ff8b91a0000 - 0x00007ff8b91ac000 	C:\Program Files\Java\jdk-17\bin\vcruntime140_1.dll
0x00007ff8ad160000 - 0x00007ff8ad1ee000 	C:\Program Files\Java\jdk-17\bin\msvcp140.dll
0x00007ff878090000 - 0x00007ff878c70000 	C:\Program Files\Java\jdk-17\bin\server\jvm.dll
0x0000016d4f530000 - 0x0000016d4f538000 	C:\WINDOWS\System32\PSAPI.DLL
0x00007ff8caa40000 - 0x00007ff8caa4a000 	C:\WINDOWS\SYSTEM32\WSOCK32.dll
0x00007ff8af520000 - 0x00007ff8af555000 	C:\WINDOWS\SYSTEM32\WINMM.dll
0x00007ff8ceea0000 - 0x00007ff8ceebb000 	C:\WINDOWS\SYSTEM32\kernel.appcore.dll
0x00007ff8b9000000 - 0x00007ff8b900a000 	C:\Program Files\Java\jdk-17\bin\jimage.dll
0x00007ff8cd5a0000 - 0x00007ff8cd7e2000 	C:\WINDOWS\SYSTEM32\DBGHELP.DLL
0x00007ff8af4e0000 - 0x00007ff8af51d000 	C:\WINDOWS\SYSTEM32\dbgcore.DLL
0x00007ff8d02f0000 - 0x00007ff8d0389000 	C:\WINDOWS\System32\bcryptPrimitives.dll
0x00007ff8b7410000 - 0x00007ff8b7435000 	C:\Program Files\Java\jdk-17\bin\java.dll

dbghelp: loaded successfully - version: 4.0.5 - missing functions: none
symbol engine: initialized successfully - sym options: 0x614 - pdb path: .;C:\Program Files\Java\jdk-17\bin;C:\WINDOWS\SYSTEM32;C:\WINDOWS\WinSxS\amd64_microsoft.windows.common-controls_6595b64144ccf1df_6.0.26100.5074_none_3e0d6f78e32fd63f;C:\Program Files\McAfee\DLP\Agent;C:\Program Files\Java\jdk-17\bin\server

VM Arguments:
jvm_args: -Dnet.bytebuddy.agent.attacher.dump= 
java_command: net.bytebuddy.agent.Attacher com.sun.tools.attach.VirtualMachine 22432 C:\Users\anjhu.a\.m2\repository\net\bytebuddy\byte-buddy-agent\1.17.8\byte-buddy-agent-1.17.8.jar false 
java_class_path (initial): C:\Users\anjhu.a\.m2\repository\net\bytebuddy\byte-buddy-agent\1.17.8\byte-buddy-agent-1.17.8.jar
Launcher Type: SUN_STANDARD

[Global flags]
     intx CICompilerCount                          = 4                                         {product} {ergonomic}
     uint ConcGCThreads                            = 2                                         {product} {ergonomic}
     uint G1ConcRefinementThreads                  = 8                                         {product} {ergonomic}
   size_t G1HeapRegionSize                         = 2097152                                   {product} {ergonomic}
    uintx GCDrainStackTargetSize                   = 64                                        {product} {ergonomic}
   size_t InitialHeapSize                          = 262144000                                 {product} {ergonomic}
   size_t MarkStackSize                            = 4194304                                   {product} {ergonomic}
   size_t MaxHeapSize                              = 4192206848                                {product} {ergonomic}
   size_t MinHeapDeltaBytes                        = 2097152                                   {product} {ergonomic}
   size_t MinHeapSize                              = 8388608                                   {product} {ergonomic}
    uintx NonNMethodCodeHeapSize                   = 5839372                                {pd product} {ergonomic}
    uintx NonProfiledCodeHeapSize                  = 122909434                              {pd product} {ergonomic}
    uintx ProfiledCodeHeapSize                     = 122909434                              {pd product} {ergonomic}
    uintx ReservedCodeCacheSize                    = 251658240                              {pd product} {ergonomic}
     bool SegmentedCodeCache                       = true                                      {product} {ergonomic}
   size_t SoftMaxHeapSize                          = 4192206848                             {manageable} {ergonomic}
     bool UseCompressedClassPointers               = true                           {product lp64_product} {ergonomic}
     bool UseCompressedOops                        = true                           {product lp64_product} {ergonomic}
     bool UseG1GC                                  = true                                      {product} {ergonomic}
     bool UseLargePagesIndividualAllocation        = false                                  {pd product} {ergonomic}

Logging:
Log output configuration:
 #0: stdout all=warning uptime,level,tags
 #1: stderr all=off uptime,level,tags

Environment Variables:
PATH=D:/Software/sts-4.31.0.RELEASE//plugins/org.eclipse.justj.openjdk.hotspot.jre.full.win32.x86_64_21.0.7.v20250502-0916/jre/bin/server;D:/Software/sts-4.31.0.RELEASE//plugins/org.eclipse.justj.openjdk.hotspot.jre.full.win32.x86_64_21.0.7.v20250502-0916/jre/bin;C:\Program Files\Common Files\Oracle\Java\javapath;C:\Program Files (x86)\Common Files\Oracle\Java\java8path;C:\Program Files (x86)\Common Files\Oracle\Java\javapath;C:\WINDOWS\system32;C:\WINDOWS;C:\WINDOWS\System32\Wbem;C:\WINDOWS\System32\WindowsPowerShell\v1.0\;C:\WINDOWS\System32\OpenSSH\;C:\Program Files\PuTTY\;C:\Program Files\Microsoft VS Code\bin;C:\Program Files\nodejs\;C:\Users\anjhu.a\AppData\Local\Programs\Python\Python313\Scripts\;C:\Users\anjhu.a\AppData\Local\Programs\Python\Python313\;C:\Users\anjhu.a\AppData\Local\Microsoft\WindowsApps;C:\Users\anjhu.a\AppData\Roaming\npm;D:\Software\sts-4.31.0.RELEASE;
USERNAME=anjhu.a
OS=Windows_NT
PROCESSOR_IDENTIFIER=Intel64 Family 6 Model 142 Stepping 12, GenuineIntel



---------------  S Y S T E M  ---------------

OS:
 Windows 11 , 64 bit Build 26100 (10.0.26100.5074)
OS uptime: 22 days 0:13 hours
Hyper-V role detected

CPU: total 8 (initial active 8) (4 cores per cpu, 2 threads per core) family 6 model 142 stepping 12 microcode 0x100, cx8, cmov, fxsr, ht, mmx, 3dnowpref, sse, sse2, sse3, ssse3, sse4.1, sse4.2, popcnt, lzcnt, tsc, tscinvbit, avx, avx2, aes, erms, clmul, bmi1, bmi2, adx, fma, vzeroupper, clflush, clflushopt, hv

Memory: 4k page, system-wide physical 15984M (1340M free)
TotalPageFile size 41694M (AvailPageFile size 162M)
current process WorkingSet (physical memory assigned to process): 18M, peak: 18M
current process commit charge ("private bytes"): 64M, peak: 314M

vm_info: Java HotSpot(TM) 64-Bit Server VM (17.0.11+7-LTS-207) for windows-amd64 JRE (17.0.11+7-LTS-207), built on Mar 11 2024 19:01:50 by "mach5one" with MS VC++ 17.6 (VS2022)

END.
